  Source.cpp
c:\users\yosyafat\onedrive\grafika komputer\projects\kerucutbanyak\kerucutbanyak\source.cpp(74): warning C4244: '=': conversion from 'double' to 'float', possible loss of data
c:\users\yosyafat\onedrive\grafika komputer\projects\kerucutbanyak\kerucutbanyak\source.cpp(75): warning C4244: '=': conversion from 'double' to 'float', possible loss of data
c:\users\yosyafat\onedrive\grafika komputer\projects\kerucutbanyak\kerucutbanyak\source.cpp(78): warning C4244: '=': conversion from 'double' to 'float', possible loss of data
c:\users\yosyafat\onedrive\grafika komputer\projects\kerucutbanyak\kerucutbanyak\source.cpp(79): warning C4244: '=': conversion from 'double' to 'float', possible loss of data
c:\users\yosyafat\onedrive\grafika komputer\projects\kerucutbanyak\kerucutbanyak\source.cpp(86): warning C4244: '=': conversion from 'double' to 'float', possible loss of data
c:\users\yosyafat\onedrive\grafika komputer\projects\kerucutbanyak\kerucutbanyak\source.cpp(88): warning C4244: '=': conversion from 'double' to 'float', possible loss of data
c:\users\yosyafat\onedrive\grafika komputer\projects\kerucutbanyak\kerucutbanyak\source.cpp(94): warning C4244: '=': conversion from 'double' to 'float', possible loss of data
c:\users\yosyafat\onedrive\grafika komputer\projects\kerucutbanyak\kerucutbanyak\source.cpp(96): warning C4244: '=': conversion from 'double' to 'float', possible loss of data
c:\users\yosyafat\onedrive\grafika komputer\projects\kerucutbanyak\kerucutbanyak\source.cpp(103): warning C4244: '=': conversion from 'double' to 'float', possible loss of data
c:\users\yosyafat\onedrive\grafika komputer\projects\kerucutbanyak\kerucutbanyak\source.cpp(104): warning C4244: '=': conversion from 'double' to 'float', possible loss of data
c:\users\yosyafat\onedrive\grafika komputer\projects\kerucutbanyak\kerucutbanyak\source.cpp(107): warning C4244: '=': conversion from 'double' to 'float', possible loss of data
c:\users\yosyafat\onedrive\grafika komputer\projects\kerucutbanyak\kerucutbanyak\source.cpp(108): warning C4244: '=': conversion from 'double' to 'float', possible loss of data
c:\users\yosyafat\onedrive\grafika komputer\projects\kerucutbanyak\kerucutbanyak\source.cpp(154): warning C4244: 'initializing': conversion from 'int' to 'float', possible loss of data
c:\users\yosyafat\onedrive\grafika komputer\projects\kerucutbanyak\kerucutbanyak\source.cpp(155): warning C4244: 'initializing': conversion from 'int' to 'float', possible loss of data
c:\users\yosyafat\onedrive\grafika komputer\projects\kerucutbanyak\kerucutbanyak\source.cpp(164): warning C4305: '=': truncation from 'double' to 'float'
c:\users\yosyafat\onedrive\grafika komputer\projects\kerucutbanyak\kerucutbanyak\source.cpp(178): warning C4244: 'initializing': conversion from 'double' to 'float', possible loss of data
c:\users\yosyafat\onedrive\grafika komputer\projects\kerucutbanyak\kerucutbanyak\source.cpp(179): warning C4244: '=': conversion from 'float' to 'int', possible loss of data
c:\users\yosyafat\onedrive\grafika komputer\projects\kerucutbanyak\kerucutbanyak\source.cpp(181): warning C4244: '=': conversion from 'float' to 'int', possible loss of data
c:\users\yosyafat\onedrive\grafika komputer\projects\kerucutbanyak\kerucutbanyak\source.cpp(212): warning C4244: 'argument': conversion from 'double' to 'float', possible loss of data
c:\users\yosyafat\onedrive\grafika komputer\projects\kerucutbanyak\kerucutbanyak\source.cpp(216): warning C4244: '=': conversion from 'int' to 'float', possible loss of data
c:\users\yosyafat\onedrive\grafika komputer\projects\kerucutbanyak\kerucutbanyak\source.cpp(217): warning C4244: '=': conversion from 'int' to 'float', possible loss of data
c:\users\yosyafat\onedrive\grafika komputer\projects\kerucutbanyak\kerucutbanyak\source.cpp(218): warning C4244: '=': conversion from 'int' to 'float', possible loss of data
c:\users\yosyafat\onedrive\grafika komputer\projects\kerucutbanyak\kerucutbanyak\source.cpp(222): warning C4244: '=': conversion from 'float' to 'int', possible loss of data
c:\users\yosyafat\onedrive\grafika komputer\projects\kerucutbanyak\kerucutbanyak\source.cpp(223): warning C4244: '=': conversion from 'float' to 'int', possible loss of data
c:\users\yosyafat\onedrive\grafika komputer\projects\kerucutbanyak\kerucutbanyak\source.cpp(224): warning C4244: '=': conversion from 'float' to 'int', possible loss of data
c:\users\yosyafat\onedrive\grafika komputer\projects\kerucutbanyak\kerucutbanyak\source.cpp(228): warning C4305: '=': truncation from 'double' to 'float'
c:\users\yosyafat\onedrive\grafika komputer\projects\kerucutbanyak\kerucutbanyak\source.cpp(230): warning C4305: '=': truncation from 'double' to 'float'
c:\users\yosyafat\onedrive\grafika komputer\projects\kerucutbanyak\kerucutbanyak\source.cpp(241): warning C4244: 'initializing': conversion from 'double' to 'float', possible loss of data
c:\users\yosyafat\onedrive\grafika komputer\projects\kerucutbanyak\kerucutbanyak\source.cpp(242): warning C4244: '=': conversion from 'float' to 'int', possible loss of data
c:\users\yosyafat\onedrive\grafika komputer\projects\kerucutbanyak\kerucutbanyak\source.cpp(244): warning C4244: '=': conversion from 'float' to 'int', possible loss of data
c:\users\yosyafat\onedrive\grafika komputer\projects\kerucutbanyak\kerucutbanyak\source.cpp(276): warning C4244: '=': conversion from 'int' to 'float', possible loss of data
c:\users\yosyafat\onedrive\grafika komputer\projects\kerucutbanyak\kerucutbanyak\source.cpp(277): warning C4244: '=': conversion from 'int' to 'float', possible loss of data
c:\users\yosyafat\onedrive\grafika komputer\projects\kerucutbanyak\kerucutbanyak\source.cpp(278): warning C4244: '=': conversion from 'int' to 'float', possible loss of data
c:\users\yosyafat\onedrive\grafika komputer\projects\kerucutbanyak\kerucutbanyak\source.cpp(282): warning C4244: '=': conversion from 'float' to 'int', possible loss of data
c:\users\yosyafat\onedrive\grafika komputer\projects\kerucutbanyak\kerucutbanyak\source.cpp(283): warning C4244: '=': conversion from 'float' to 'int', possible loss of data
c:\users\yosyafat\onedrive\grafika komputer\projects\kerucutbanyak\kerucutbanyak\source.cpp(284): warning C4244: '=': conversion from 'float' to 'int', possible loss of data
c:\users\yosyafat\onedrive\grafika komputer\projects\kerucutbanyak\kerucutbanyak\source.cpp(288): warning C4305: '=': truncation from 'double' to 'float'
c:\users\yosyafat\onedrive\grafika komputer\projects\kerucutbanyak\kerucutbanyak\source.cpp(289): warning C4305: '=': truncation from 'double' to 'float'
c:\users\yosyafat\onedrive\grafika komputer\projects\kerucutbanyak\kerucutbanyak\source.cpp(301): warning C4244: 'initializing': conversion from 'double' to 'float', possible loss of data
c:\users\yosyafat\onedrive\grafika komputer\projects\kerucutbanyak\kerucutbanyak\source.cpp(303): warning C4244: '=': conversion from 'float' to 'int', possible loss of data
c:\users\yosyafat\onedrive\grafika komputer\projects\kerucutbanyak\kerucutbanyak\source.cpp(304): warning C4244: '=': conversion from 'float' to 'int', possible loss of data
c:\users\yosyafat\onedrive\grafika komputer\projects\kerucutbanyak\kerucutbanyak\source.cpp(336): warning C4244: '=': conversion from 'int' to 'float', possible loss of data
c:\users\yosyafat\onedrive\grafika komputer\projects\kerucutbanyak\kerucutbanyak\source.cpp(337): warning C4244: '=': conversion from 'int' to 'float', possible loss of data
c:\users\yosyafat\onedrive\grafika komputer\projects\kerucutbanyak\kerucutbanyak\source.cpp(338): warning C4244: '=': conversion from 'int' to 'float', possible loss of data
c:\users\yosyafat\onedrive\grafika komputer\projects\kerucutbanyak\kerucutbanyak\source.cpp(342): warning C4244: '=': conversion from 'float' to 'int', possible loss of data
c:\users\yosyafat\onedrive\grafika komputer\projects\kerucutbanyak\kerucutbanyak\source.cpp(343): warning C4244: '=': conversion from 'float' to 'int', possible loss of data
c:\users\yosyafat\onedrive\grafika komputer\projects\kerucutbanyak\kerucutbanyak\source.cpp(344): warning C4244: '=': conversion from 'float' to 'int', possible loss of data
c:\users\yosyafat\onedrive\grafika komputer\projects\kerucutbanyak\kerucutbanyak\source.cpp(350): warning C4305: '=': truncation from 'double' to 'float'
c:\users\yosyafat\onedrive\grafika komputer\projects\kerucutbanyak\kerucutbanyak\source.cpp(361): warning C4244: 'initializing': conversion from 'double' to 'float', possible loss of data
c:\users\yosyafat\onedrive\grafika komputer\projects\kerucutbanyak\kerucutbanyak\source.cpp(363): warning C4244: '=': conversion from 'float' to 'int', possible loss of data
c:\users\yosyafat\onedrive\grafika komputer\projects\kerucutbanyak\kerucutbanyak\source.cpp(364): warning C4244: '=': conversion from 'float' to 'int', possible loss of data
c:\users\yosyafat\onedrive\grafika komputer\projects\kerucutbanyak\kerucutbanyak\source.cpp(396): warning C4244: '=': conversion from 'int' to 'float', possible loss of data
c:\users\yosyafat\onedrive\grafika komputer\projects\kerucutbanyak\kerucutbanyak\source.cpp(397): warning C4244: '=': conversion from 'int' to 'float', possible loss of data
c:\users\yosyafat\onedrive\grafika komputer\projects\kerucutbanyak\kerucutbanyak\source.cpp(398): warning C4244: '=': conversion from 'int' to 'float', possible loss of data
c:\users\yosyafat\onedrive\grafika komputer\projects\kerucutbanyak\kerucutbanyak\source.cpp(402): warning C4244: '=': conversion from 'float' to 'int', possible loss of data
c:\users\yosyafat\onedrive\grafika komputer\projects\kerucutbanyak\kerucutbanyak\source.cpp(403): warning C4244: '=': conversion from 'float' to 'int', possible loss of data
c:\users\yosyafat\onedrive\grafika komputer\projects\kerucutbanyak\kerucutbanyak\source.cpp(404): warning C4244: '=': conversion from 'float' to 'int', possible loss of data
c:\users\yosyafat\onedrive\grafika komputer\projects\kerucutbanyak\kerucutbanyak\source.cpp(408): warning C4305: '=': truncation from 'double' to 'float'
c:\users\yosyafat\onedrive\grafika komputer\projects\kerucutbanyak\kerucutbanyak\source.cpp(421): warning C4244: 'initializing': conversion from 'double' to 'float', possible loss of data
c:\users\yosyafat\onedrive\grafika komputer\projects\kerucutbanyak\kerucutbanyak\source.cpp(422): warning C4244: '=': conversion from 'float' to 'int', possible loss of data
c:\users\yosyafat\onedrive\grafika komputer\projects\kerucutbanyak\kerucutbanyak\source.cpp(423): warning C4244: '=': conversion from 'float' to 'int', possible loss of data
c:\users\yosyafat\onedrive\grafika komputer\projects\kerucutbanyak\kerucutbanyak\source.cpp(456): warning C4244: '=': conversion from 'int' to 'float', possible loss of data
c:\users\yosyafat\onedrive\grafika komputer\projects\kerucutbanyak\kerucutbanyak\source.cpp(457): warning C4244: '=': conversion from 'int' to 'float', possible loss of data
c:\users\yosyafat\onedrive\grafika komputer\projects\kerucutbanyak\kerucutbanyak\source.cpp(458): warning C4244: '=': conversion from 'int' to 'float', possible loss of data
c:\users\yosyafat\onedrive\grafika komputer\projects\kerucutbanyak\kerucutbanyak\source.cpp(462): warning C4244: '=': conversion from 'float' to 'int', possible loss of data
c:\users\yosyafat\onedrive\grafika komputer\projects\kerucutbanyak\kerucutbanyak\source.cpp(463): warning C4244: '=': conversion from 'float' to 'int', possible loss of data
c:\users\yosyafat\onedrive\grafika komputer\projects\kerucutbanyak\kerucutbanyak\source.cpp(464): warning C4244: '=': conversion from 'float' to 'int', possible loss of data
c:\users\yosyafat\onedrive\grafika komputer\projects\kerucutbanyak\kerucutbanyak\source.cpp(469): warning C4305: '=': truncation from 'double' to 'float'
c:\users\yosyafat\onedrive\grafika komputer\projects\kerucutbanyak\kerucutbanyak\source.cpp(481): warning C4244: 'initializing': conversion from 'double' to 'float', possible loss of data
c:\users\yosyafat\onedrive\grafika komputer\projects\kerucutbanyak\kerucutbanyak\source.cpp(482): warning C4244: '=': conversion from 'float' to 'int', possible loss of data
c:\users\yosyafat\onedrive\grafika komputer\projects\kerucutbanyak\kerucutbanyak\source.cpp(483): warning C4244: '=': conversion from 'float' to 'int', possible loss of data
c:\users\yosyafat\onedrive\grafika komputer\projects\kerucutbanyak\kerucutbanyak\source.cpp(516): warning C4244: '=': conversion from 'int' to 'float', possible loss of data
c:\users\yosyafat\onedrive\grafika komputer\projects\kerucutbanyak\kerucutbanyak\source.cpp(517): warning C4244: '=': conversion from 'int' to 'float', possible loss of data
c:\users\yosyafat\onedrive\grafika komputer\projects\kerucutbanyak\kerucutbanyak\source.cpp(518): warning C4244: '=': conversion from 'int' to 'float', possible loss of data
c:\users\yosyafat\onedrive\grafika komputer\projects\kerucutbanyak\kerucutbanyak\source.cpp(522): warning C4244: '=': conversion from 'float' to 'int', possible loss of data
c:\users\yosyafat\onedrive\grafika komputer\projects\kerucutbanyak\kerucutbanyak\source.cpp(523): warning C4244: '=': conversion from 'float' to 'int', possible loss of data
c:\users\yosyafat\onedrive\grafika komputer\projects\kerucutbanyak\kerucutbanyak\source.cpp(524): warning C4244: '=': conversion from 'float' to 'int', possible loss of data
  KerucutBanyak.vcxproj -> C:\Users\Yosyafat\OneDrive\Grafika Komputer\Projects\KerucutBanyak\Debug\KerucutBanyak.exe
